<?xml version="1.0" encoding="UTF-8"?>
<!-- Generated by org.testng.reporters.JUnitReportReporter -->
<testsuite skipped="0" hostname="DESKTOP-UG2OBST" name="com.webappsecurity.zero.TestScripts.verifyFundTransferTest" tests="1" failures="0" timestamp="2021-01-31T12:18:38 EST" time="7.967" errors="0">
  <testcase name="verifyFundTransfer" time="7.967" classname="com.webappsecurity.zero.TestScripts.verifyFundTransferTest"/>
  <system-out/>
</testsuite> <!-- com.webappsecurity.zero.TestScripts.verifyFundTransferTest -->
